sentencepiece_trainer.cc(78) LOG(INFO) Starts training with : 
trainer_spec {
  input: /workspace/tmp/tgt_utts.txt
  input_format: 
  model_prefix: /workspace/tmp/10k_piece
  model_type: UNIGRAM
  vocab_size: 10001
  self_test_sample_size: 0
  character_coverage: 1
  input_sentence_size: 0
  shuffle_input_sentence: 1
  seed_sentencepiece_size: 1000000
  shrinking_factor: 0.75
  max_sentence_length: 4192
  num_threads: 16
  num_sub_iterations: 2
  max_sentencepiece_length: 16
  split_by_unicode_script: 1
  split_by_number: 1
  split_by_whitespace: 1
  split_digits: 0
  pretokenization_delimiter: 
  treat_whitespace_as_suffix: 0
  allow_whitespace_only_pieces: 0
  required_chars: 
  byte_fallback: 0
  vocabulary_output_piece_score: 1
  train_extremely_large_corpus: 0
  seed_sentencepieces_file: 
  hard_vocab_limit: 1
  use_all_vocab: 0
  unk_id: 0
  bos_id: -1
  eos_id: -1
  pad_id: -1
  unk_piece: <unk>
  bos_piece: <s>
  eos_piece: </s>
  pad_piece: <pad>
  unk_surface:  ⁇ 
  enable_differential_privacy: 0
  differential_privacy_noise_level: 0
  differential_privacy_clipping_threshold: 0
}
normalizer_spec {
  name: nmt_nfkc
  add_dummy_prefix: 1
  remove_extra_whitespaces: 1
  escape_whitespaces: 1
  normalization_rule_tsv: 
}
denormalizer_spec {}
trainer_interface.cc(353) LOG(INFO) SentenceIterator is not specified. Using MultiFileSentenceIterator.
trainer_interface.cc(185) LOG(INFO) Loading corpus: /workspace/tmp/tgt_utts.txt
trainer_interface.cc(409) LOG(INFO) Loaded all 3390 sentences
trainer_interface.cc(425) LOG(INFO) Adding meta_piece: <unk>
trainer_interface.cc(430) LOG(INFO) Normalizing sentences...
trainer_interface.cc(539) LOG(INFO) all chars count=659439
trainer_interface.cc(560) LOG(INFO) Alphabet size=473
trainer_interface.cc(561) LOG(INFO) Final character coverage=1
trainer_interface.cc(592) LOG(INFO) Done! preprocessed 3390 sentences.
unigram_model_trainer.cc(265) LOG(INFO) Making suffix array...
unigram_model_trainer.cc(269) LOG(INFO) Extracting frequent sub strings... node_num=260915
unigram_model_trainer.cc(312) LOG(INFO) Initialized 93582 seed sentencepieces
trainer_interface.cc(598) LOG(INFO) Tokenizing input sentences with whitespace: 3390
trainer_interface.cc(609) LOG(INFO) Done! 10747
unigram_model_trainer.cc(602) LOG(INFO) Using 10747 sentences for EM training
unigram_model_trainer.cc(618) LOG(INFO) EM sub_iter=0 size=52672 obj=252.173 num_tokens=296450 num_tokens/piece=5.62823
unigram_model_trainer.cc(618) LOG(INFO) EM sub_iter=1 size=48332 obj=233.933 num_tokens=297409 num_tokens/piece=6.15346
unigram_model_trainer.cc(618) LOG(INFO) EM sub_iter=0 size=36095 obj=236.72 num_tokens=308293 num_tokens/piece=8.54116
unigram_model_trainer.cc(618) LOG(INFO) EM sub_iter=1 size=35871 obj=235.12 num_tokens=308354 num_tokens/piece=8.59619
unigram_model_trainer.cc(618) LOG(INFO) EM sub_iter=0 size=26868 obj=239.599 num_tokens=318072 num_tokens/piece=11.8383
unigram_model_trainer.cc(618) LOG(INFO) EM sub_iter=1 size=26841 obj=238.208 num_tokens=318076 num_tokens/piece=11.8504
unigram_model_trainer.cc(618) LOG(INFO) EM sub_iter=0 size=20124 obj=243.355 num_tokens=330052 num_tokens/piece=16.4009
unigram_model_trainer.cc(618) LOG(INFO) EM sub_iter=1 size=20117 obj=241.85 num_tokens=330058 num_tokens/piece=16.4069
unigram_model_trainer.cc(618) LOG(INFO) EM sub_iter=0 size=15086 obj=247.111 num_tokens=340740 num_tokens/piece=22.5865
unigram_model_trainer.cc(618) LOG(INFO) EM sub_iter=1 size=15085 obj=245.781 num_tokens=340740 num_tokens/piece=22.588
unigram_model_trainer.cc(618) LOG(INFO) EM sub_iter=0 size=11313 obj=251.07 num_tokens=351961 num_tokens/piece=31.1112
unigram_model_trainer.cc(618) LOG(INFO) EM sub_iter=1 size=11313 obj=249.751 num_tokens=351966 num_tokens/piece=31.1116
unigram_model_trainer.cc(618) LOG(INFO) EM sub_iter=0 size=11001 obj=250.208 num_tokens=352997 num_tokens/piece=32.0877
unigram_model_trainer.cc(618) LOG(INFO) EM sub_iter=1 size=11001 obj=250.091 num_tokens=352997 num_tokens/piece=32.0877
trainer_interface.cc(687) LOG(INFO) Saving model: /workspace/tmp/10k_piece.model
trainer_interface.cc(699) LOG(INFO) Saving vocabs: /workspace/tmp/10k_piece.vocab
Number of utterances for punjabi: 3390
Size of tgt_utts.txt: 1131946 bytes
First 100 characters of tgt_utts.txt: ƖŜ7ÌǾăąĶôƟƃR¡O<ÚėȓĮĘÙDŦĚdĻéƷ·§eÀȔƲǖ¾ÇŷÝŌǮƆy¹ėĈĵĽǴǦàĪƪǛƌǛƌ$4ŲµǌĠĦ².²ĲĥÛĥǘǉȄŅ|ŖȐ¯đǊŀ(ƵǽyǱƞĈĵĽRȂ
Results saved in the 'result' folder.
